# JRE version: OpenJDK Runtime Environment (8.0_212-b04) (build 1.8.0_212-release-1586-b04)
# Java VM: OpenJDK 64-Bit Server VM (25.212-b04 mixed mode windows-amd64 compressed oops)
Heap:
 PSYoungGen      total 379904K, used 267684K [0x00000000e0000000, 0x0000000100000000, 0x0000000100000000)
  eden space 249856K, 73% used [0x00000000e0000000,0x00000000eb329e20,0x00000000ef400000)
  from space 130048K, 64% used [0x00000000f8100000,0x00000000fd33f5d8,0x0000000100000000)
  to   space 137216K, 0% used [0x00000000ef400000,0x00000000ef400000,0x00000000f7a00000)
 ParOldGen       total 419328K, used 279947K [0x00000000a0000000, 0x00000000b9980000, 0x00000000e0000000)
  object space 419328K, 66% used [0x00000000a0000000,0x00000000b1162c58,0x00000000b9980000)
 Metaspace       used 102180K, capacity 107620K, committed 107864K, reserved 1142784K
  class space    used 13011K, capacity 14085K, committed 14168K, reserved 1048576K
GC Heap History (10 events):
Event: 4927.576 GC heap before
{Heap before GC invocations=60 (full 8):
 PSYoungGen      total 367616K, used 93342K [0x00000000e0000000, 0x0000000100000000, 0x0000000100000000)
  eden space 233472K, 0% used [0x00000000e0000000,0x00000000e0000000,0x00000000ee400000)
  from space 134144K, 69% used [0x00000000f7000000,0x00000000fcb27900,0x00000000ff300000)
  to   space 143360K, 0% used [0x00000000ee400000,0x00000000ee400000,0x00000000f7000000)
 ParOldGen       total 320512K, used 279389K [0x00000000a0000000, 0x00000000b3900000, 0x00000000e0000000)
  object space 320512K, 87% used [0x00000000a0000000,0x00000000b10d7628,0x00000000b3900000)
 Metaspace       used 98855K, capacity 104150K, committed 105432K, reserved 1140736K
  class space    used 12794K, capacity 13840K, committed 14040K, reserved 1048576K
Event: 4945.206 GC heap after
Heap after GC invocations=60 (full 8):
 PSYoungGen      total 367616K, used 0K [0x00000000e0000000, 0x0000000100000000, 0x0000000100000000)
  eden space 233472K, 0% used [0x00000000e0000000,0x00000000e0000000,0x00000000ee400000)
  from space 134144K, 0% used [0x00000000f7000000,0x00000000f7000000,0x00000000ff300000)
  to   space 143360K, 0% used [0x00000000ee400000,0x00000000ee400000,0x00000000f7000000)
 ParOldGen       total 419328K, used 255680K [0x00000000a0000000, 0x00000000b9980000, 0x00000000e0000000)
  object space 419328K, 60% used [0x00000000a0000000,0x00000000af9b0308,0x00000000b9980000)
 Metaspace       used 98312K, capacity 103506K, committed 105432K, reserved 1140736K
  class space    used 12746K, capacity 13754K, committed 14040K, reserved 1048576K
}
Event: 5656.428 GC heap before
{Heap before GC invocations=61 (full 8):
 PSYoungGen      total 367616K, used 233472K [0x00000000e0000000, 0x0000000100000000, 0x0000000100000000)
  eden space 233472K, 100% used [0x00000000e0000000,0x00000000ee400000,0x00000000ee400000)
  from space 134144K, 0% used [0x00000000f7000000,0x00000000f7000000,0x00000000ff300000)
  to   space 143360K, 0% used [0x00000000ee400000,0x00000000ee400000,0x00000000f7000000)
 ParOldGen       total 419328K, used 255680K [0x00000000a0000000, 0x00000000b9980000, 0x00000000e0000000)
  object space 419328K, 60% used [0x00000000a0000000,0x00000000af9b0308,0x00000000b9980000)
 Metaspace       used 98589K, capacity 103890K, committed 105432K, reserved 1140736K
  class space    used 12772K, capacity 13806K, committed 14040K, reserved 1048576K
Event: 5666.472 GC heap after
Heap after GC invocations=61 (full 8):
 PSYoungGen      total 376832K, used 23280K [0x00000000e0000000, 0x00000000fff00000, 0x0000000100000000)
  eden space 233472K, 0% used [0x00000000e0000000,0x00000000e0000000,0x00000000ee400000)
  from space 143360K, 16% used [0x00000000ee400000,0x00000000efabc110,0x00000000f7000000)
  to   space 138240K, 0% used [0x00000000f7800000,0x00000000f7800000,0x00000000fff00000)
 ParOldGen       total 419328K, used 255688K [0x00000000a0000000, 0x00000000b9980000, 0x00000000e0000000)
  object space 419328K, 60% used [0x00000000a0000000,0x00000000af9b2308,0x00000000b9980000)
 Metaspace       used 98589K, capacity 103890K, committed 105432K, reserved 1140736K
  class space    used 12772K, capacity 13806K, committed 14040K, reserved 1048576K
}
Event: 5687.112 GC heap before
{Heap before GC invocations=62 (full 8):
 PSYoungGen      total 376832K, used 256752K [0x00000000e0000000, 0x00000000fff00000, 0x0000000100000000)
  eden space 233472K, 100% used [0x00000000e0000000,0x00000000ee400000,0x00000000ee400000)
  from space 143360K, 16% used [0x00000000ee400000,0x00000000efabc110,0x00000000f7000000)
  to   space 138240K, 0% used [0x00000000f7800000,0x00000000f7800000,0x00000000fff00000)
 ParOldGen       total 419328K, used 255688K [0x00000000a0000000, 0x00000000b9980000, 0x00000000e0000000)
  object space 419328K, 60% used [0x00000000a0000000,0x00000000af9b2308,0x00000000b9980000)
 Metaspace       used 100323K, capacity 105714K, committed 105944K, reserved 1140736K
  class space    used 12941K, capacity 13996K, committed 14040K, reserved 1048576K
Event: 5687.832 GC heap after
Heap after GC invocations=62 (full 8):
 PSYoungGen      total 366592K, used 24586K [0x00000000e0000000, 0x00000000ff100000, 0x0000000100000000)
  eden space 242688K, 0% used [0x00000000e0000000,0x00000000e0000000,0x00000000eed00000)
  from space 123904K, 19% used [0x00000000f7800000,0x00000000f9002808,0x00000000ff100000)
  to   space 133120K, 0% used [0x00000000eed00000,0x00000000eed00000,0x00000000f6f00000)
 ParOldGen       total 419328K, used 268817K [0x00000000a0000000, 0x00000000b9980000, 0x00000000e0000000)
  object space 419328K, 64% used [0x00000000a0000000,0x00000000b0684440,0x00000000b9980000)
 Metaspace       used 100323K, capacity 105714K, committed 105944K, reserved 1140736K
  class space    used 12941K, capacity 13996K, committed 14040K, reserved 1048576K
}
Event: 5707.673 GC heap before
{Heap before GC invocations=63 (full 8):
 PSYoungGen      total 366592K, used 267270K [0x00000000e0000000, 0x00000000ff100000, 0x0000000100000000)
  eden space 242688K, 99% used [0x00000000e0000000,0x00000000eecff050,0x00000000eed00000)
  from space 123904K, 19% used [0x00000000f7800000,0x00000000f9002808,0x00000000ff100000)
  to   space 133120K, 0% used [0x00000000eed00000,0x00000000eed00000,0x00000000f6f00000)
 ParOldGen       total 419328K, used 268817K [0x00000000a0000000, 0x00000000b9980000, 0x00000000e0000000)
  object space 419328K, 64% used [0x00000000a0000000,0x00000000b0684440,0x00000000b9980000)
 Metaspace       used 102170K, capacity 107608K, committed 107864K, reserved 1142784K
  class space    used 13010K, capacity 14083K, committed 14168K, reserved 1048576K
Event: 5709.442 GC heap after
Heap after GC invocations=63 (full 8):
 PSYoungGen      total 375808K, used 9245K [0x00000000e0000000, 0x0000000100000000, 0x0000000100000000)
  eden space 242688K, 0% used [0x00000000e0000000,0x00000000e0000000,0x00000000eed00000)
  from space 133120K, 6% used [0x00000000eed00000,0x00000000ef6077a8,0x00000000f6f00000)
  to   space 130048K, 0% used [0x00000000f8100000,0x00000000f8100000,0x0000000100000000)
 ParOldGen       total 419328K, used 276191K [0x00000000a0000000, 0x00000000b9980000, 0x00000000e0000000)
  object space 419328K, 65% used [0x00000000a0000000,0x00000000b0db7c98,0x00000000b9980000)
 Metaspace       used 102170K, capacity 107608K, committed 107864K, reserved 1142784K
  class space    used 13010K, capacity 14083K, committed 14168K, reserved 1048576K
}
Event: 5714.381 GC heap before
{Heap before GC invocations=64 (full 8):
 PSYoungGen      total 375808K, used 251886K [0x00000000e0000000, 0x0000000100000000, 0x0000000100000000)
  eden space 242688K, 99% used [0x00000000e0000000,0x00000000eecf4258,0x00000000eed00000)
  from space 133120K, 6% used [0x00000000eed00000,0x00000000ef6077a8,0x00000000f6f00000)
  to   space 130048K, 0% used [0x00000000f8100000,0x00000000f8100000,0x0000000100000000)
 ParOldGen       total 419328K, used 276191K [0x00000000a0000000, 0x00000000b9980000, 0x00000000e0000000)
  object space 419328K, 65% used [0x00000000a0000000,0x00000000b0db7c98,0x00000000b9980000)
 Metaspace       used 102173K, capacity 107608K, committed 107864K, reserved 1142784K
  class space    used 13010K, capacity 14083K, committed 14168K, reserved 1048576K
Event: 5720.066 GC heap after
Heap after GC invocations=64 (full 8):
 PSYoungGen      total 379904K, used 84221K [0x00000000e0000000, 0x0000000100000000, 0x0000000100000000)
  eden space 249856K, 0% used [0x00000000e0000000,0x00000000e0000000,0x00000000ef400000)
  from space 130048K, 64% used [0x00000000f8100000,0x00000000fd33f5d8,0x0000000100000000)
  to   space 137216K, 0% used [0x00000000ef400000,0x00000000ef400000,0x00000000f7a00000)
 ParOldGen       total 419328K, used 279947K [0x00000000a0000000, 0x00000000b9980000, 0x00000000e0000000)
  object space 419328K, 66% used [0x00000000a0000000,0x00000000b1162c58,0x00000000b9980000)
 Metaspace       used 102173K, capacity 107608K, committed 107864K, reserved 1142784K
  class space    used 13010K, capacity 14083K, committed 14168K, reserved 1048576K
}

